c:\users\adrien\desktop\github\travelers-multiplayer-engine\tme\travelersmultiplayerengine\x64\debug\vc143.pdb
c:\users\adrien\desktop\github\travelers-multiplayer-engine\tme\travelersmultiplayerengine\x64\debug\vc143.idb
c:\users\adrien\desktop\github\travelers-multiplayer-engine\tme\travelersmultiplayerengine\x64\debug\winsockmanager.obj
c:\users\adrien\desktop\github\travelers-multiplayer-engine\tme\travelersmultiplayerengine\x64\debug\udpsocket.obj
c:\users\adrien\desktop\github\travelers-multiplayer-engine\tme\travelersmultiplayerengine\x64\debug\tcpsocket.obj
c:\users\adrien\desktop\github\travelers-multiplayer-engine\tme\travelersmultiplayerengine\x64\debug\winsockinitializer.obj
c:\users\adrien\desktop\github\travelers-multiplayer-engine\tme\travelersmultiplayerengine\x64\debug\utils.obj
c:\users\adrien\desktop\github\travelers-multiplayer-engine\tme\travelersmultiplayerengine\x64\debug\threadmanager.obj
c:\users\adrien\desktop\github\travelers-multiplayer-engine\tme\travelersmultiplayerengine\x64\debug\servicelocator.obj
c:\users\adrien\desktop\github\travelers-multiplayer-engine\tme\travelersmultiplayerengine\x64\debug\server.obj
c:\users\adrien\desktop\github\travelers-multiplayer-engine\tme\travelersmultiplayerengine\x64\debug\logger.obj
c:\users\adrien\desktop\github\travelers-multiplayer-engine\tme\travelersmultiplayerengine\x64\debug\filelogger.obj
c:\users\adrien\desktop\github\travelers-multiplayer-engine\tme\travelersmultiplayerengine\x64\debug\consolelogger.obj
c:\users\adrien\desktop\github\travelers-multiplayer-engine\tme\travelersmultiplayerengine\x64\debug\client.obj
c:\users\adrien\desktop\github\travelers-multiplayer-engine\tme\travelersmultiplayerengine\x64\debug\networkmanager.obj
c:\users\adrien\desktop\github\travelers-multiplayer-engine\tme\travelersmultiplayerengine\x64\debug\networkengine.obj
c:\users\adrien\desktop\github\travelers-multiplayer-engine\tme\travelersmultiplayerengine\x64\debug\eventhandler.obj
c:\users\adrien\desktop\github\travelers-multiplayer-engine\tme\travelersmultiplayerengine\x64\debug\buffer.obj
c:\users\adrien\desktop\github\travelers-multiplayer-engine\tme\x64\debug\tme.dll
c:\users\adrien\desktop\github\travelers-multiplayer-engine\tme\x64\debug\tme.pdb
c:\users\adrien\desktop\github\travelers-multiplayer-engine\tme\x64\debug\tme.lib
c:\users\adrien\desktop\github\travelers-multiplayer-engine\tme\x64\debug\tme.exp
c:\users\adrien\desktop\github\travelers-multiplayer-engine\tme\travelersmultiplayerengine\x64\debug\tme.ilk
c:\users\adrien\desktop\github\travelers-multiplayer-engine\tme\travelersmultiplayerengine\x64\debug\traveler.9656bd2d.tlog\cl.command.1.tlog
c:\users\adrien\desktop\github\travelers-multiplayer-engine\tme\travelersmultiplayerengine\x64\debug\traveler.9656bd2d.tlog\cl.items.tlog
c:\users\adrien\desktop\github\travelers-multiplayer-engine\tme\travelersmultiplayerengine\x64\debug\traveler.9656bd2d.tlog\cl.read.1.tlog
c:\users\adrien\desktop\github\travelers-multiplayer-engine\tme\travelersmultiplayerengine\x64\debug\traveler.9656bd2d.tlog\cl.write.1.tlog
c:\users\adrien\desktop\github\travelers-multiplayer-engine\tme\travelersmultiplayerengine\x64\debug\traveler.9656bd2d.tlog\link.command.1.tlog
c:\users\adrien\desktop\github\travelers-multiplayer-engine\tme\travelersmultiplayerengine\x64\debug\traveler.9656bd2d.tlog\link.read.1.tlog
c:\users\adrien\desktop\github\travelers-multiplayer-engine\tme\travelersmultiplayerengine\x64\debug\traveler.9656bd2d.tlog\link.secondary.1.tlog
c:\users\adrien\desktop\github\travelers-multiplayer-engine\tme\travelersmultiplayerengine\x64\debug\traveler.9656bd2d.tlog\link.write.1.tlog
