c:\users\adrien\desktop\github\travelers-multiplayer-engine\tme\x64\debug\travelersmultiplayerengine.pdb
c:\users\adrien\desktop\github\travelers-multiplayer-engine\tme\x64\debug\travelersmultiplayerengine.idb
c:\users\adrien\desktop\github\travelers-multiplayer-engine\tme\travelersmultiplayerengine\x64\debug\winsockinitializer.obj
c:\users\adrien\desktop\github\travelers-multiplayer-engine\tme\travelersmultiplayerengine\x64\debug\utils.obj
c:\users\adrien\desktop\github\travelers-multiplayer-engine\tme\travelersmultiplayerengine\x64\debug\threadmanager.obj
c:\users\adrien\desktop\github\travelers-multiplayer-engine\tme\travelersmultiplayerengine\x64\debug\servicelocator.obj
c:\users\adrien\desktop\github\travelers-multiplayer-engine\tme\travelersmultiplayerengine\x64\debug\server.obj
c:\users\adrien\desktop\github\travelers-multiplayer-engine\tme\travelersmultiplayerengine\x64\debug\logger.obj
c:\users\adrien\desktop\github\travelers-multiplayer-engine\tme\travelersmultiplayerengine\x64\debug\filelogger.obj
c:\users\adrien\desktop\github\travelers-multiplayer-engine\tme\travelersmultiplayerengine\x64\debug\engine.obj
c:\users\adrien\desktop\github\travelers-multiplayer-engine\tme\travelersmultiplayerengine\x64\debug\consolelogger.obj
c:\users\adrien\desktop\github\travelers-multiplayer-engine\tme\travelersmultiplayerengine\x64\debug\client.obj
c:\users\adrien\desktop\github\travelers-multiplayer-engine\tme\x64\debug\travelersmultiplayerengine.lib
c:\users\adrien\desktop\github\travelers-multiplayer-engine\tme\travelersmultiplayerengine\x64\debug\traveler.9656bd2d.tlog\cl.command.1.tlog
c:\users\adrien\desktop\github\travelers-multiplayer-engine\tme\travelersmultiplayerengine\x64\debug\traveler.9656bd2d.tlog\cl.items.tlog
c:\users\adrien\desktop\github\travelers-multiplayer-engine\tme\travelersmultiplayerengine\x64\debug\traveler.9656bd2d.tlog\cl.read.1.tlog
c:\users\adrien\desktop\github\travelers-multiplayer-engine\tme\travelersmultiplayerengine\x64\debug\traveler.9656bd2d.tlog\cl.write.1.tlog
c:\users\adrien\desktop\github\travelers-multiplayer-engine\tme\travelersmultiplayerengine\x64\debug\traveler.9656bd2d.tlog\lib-link.read.1.tlog
c:\users\adrien\desktop\github\travelers-multiplayer-engine\tme\travelersmultiplayerengine\x64\debug\traveler.9656bd2d.tlog\lib-link.write.1.tlog
c:\users\adrien\desktop\github\travelers-multiplayer-engine\tme\travelersmultiplayerengine\x64\debug\traveler.9656bd2d.tlog\lib.command.1.tlog
